<?xml version='1.0' encoding='UTF-8'?>
<testsuite hostname="Aleksandrs-MacBook-Pro.local" name="com.alekslitvinenk.testcontainers.DummyTestIT" tests="1" errors="0" failures="1" skipped="0" time="0.042" timestamp="2021-02-21T16:37:14">
                     <properties>
[...]
</properties>
                     <testcase classname="com.alekslitvinenk.testcontainers.DummyTestIT" name="DummyTest should be a good boy" time="0.042">
                                                 <failure type="org.scalatest.exceptions.TestFailedException">org.scalatest.exceptions.TestFailedException
	at org.scalatest.Assertions.newAssertionFailedException(Assertions.scala:472)
	at org.scalatest.Assertions.newAssertionFailedException$(Assertions.scala:471)
	at org.scalatest.Assertions$.newAssertionFailedException(Assertions.scala:1231)
	at org.scalatest.Assertions$AssertionsHelper.macroAssert(Assertions.scala:1295)
	at com.alekslitvinenk.testcontainers.DummyTestIT.$anonfun$new$2(DummyTestIT.scala:9)
	at org.scalatest.OutcomeOf.outcomeOf(OutcomeOf.scala:85)
	at org.scalatest.OutcomeOf.outcomeOf$(OutcomeOf.scala:83)
	at org.scalatest.OutcomeOf$.outcomeOf(OutcomeOf.scala:104)
	at org.scalatest.Transformer.apply(Transformer.scala:22)
	at org.scalatest.Transformer.apply(Transformer.scala:20)
	at org.scalatest.wordspec.AnyWordSpecLike$$anon$3.apply(AnyWordSpecLike.scala:1076)
	at org.scalatest.TestSuite.withFixture(TestSuite.scala:196)
	at org.scalatest.TestSuite.withFixture$(TestSuite.scala:195)
	at org.scalatest.wordspec.AnyWordSpec.withFixture(AnyWordSpec.scala:1879)
	at org.scalatest.wordspec.AnyWordSpecLike.invokeWithFixture$1(AnyWordSpecLike.scala:1074)
	at org.scalatest.wordspec.AnyWordSpecLike.$anonfun$runTest$1(AnyWordSpecLike.scala:1086)
	at org.scalatest.SuperEngine.runTestImpl(Engine.scala:306)
	at org.scalatest.wordspec.AnyWordSpecLike.runTest(AnyWordSpecLike.scala:1086)
	at org.scalatest.wordspec.AnyWordSpecLike.runTest$(AnyWordSpecLike.scala:1068)
	at com.alekslitvinenk.testcontainers.DummyTestIT.org$scalatest$BeforeAndAfter$$super$runTest(DummyTestIT.scala:6)
	at org.scalatest.BeforeAndAfter.runTest(BeforeAndAfter.scala:213)
	at org.scalatest.BeforeAndAfter.runTest$(BeforeAndAfter.scala:203)
	at com.alekslitvinenk.testcontainers.DummyTestIT.runTest(DummyTestIT.scala:6)
	at org.scalatest.wordspec.AnyWordSpecLike.$anonfun$runTests$1(AnyWordSpecLike.scala:1145)
	at org.scalatest.SuperEngine.$anonfun$runTestsInBranch$1(Engine.scala:413)
	at scala.collection.immutable.List.foreach(List.scala:333)
	at org.scalatest.SuperEngine.traverseSubNodes$1(Engine.scala:401)
	at org.scalatest.SuperEngine.runTestsInBranch(Engine.scala:390)
	at org.scalatest.SuperEngine.$anonfun$runTestsInBranch$1(Engine.scala:427)
	at scala.collection.immutable.List.foreach(List.scala:333)
	at org.scalatest.SuperEngine.traverseSubNodes$1(Engine.scala:401)
	at org.scalatest.SuperEngine.runTestsInBranch(Engine.scala:396)
	at org.scalatest.SuperEngine.runTestsImpl(Engine.scala:475)
	at org.scalatest.wordspec.AnyWordSpecLike.runTests(AnyWordSpecLike.scala:1145)
	at org.scalatest.wordspec.AnyWordSpecLike.runTests$(AnyWordSpecLike.scala:1144)
	at org.scalatest.wordspec.AnyWordSpec.runTests(AnyWordSpec.scala:1879)
	at org.scalatest.Suite.run(Suite.scala:1112)
	at org.scalatest.Suite.run$(Suite.scala:1094)
	at org.scalatest.wordspec.AnyWordSpec.org$scalatest$wordspec$AnyWordSpecLike$$super$run(AnyWordSpec.scala:1879)
	at org.scalatest.wordspec.AnyWordSpecLike.$anonfun$run$1(AnyWordSpecLike.scala:1190)
	at org.scalatest.SuperEngine.runImpl(Engine.scala:535)
	at org.scalatest.wordspec.AnyWordSpecLike.run(AnyWordSpecLike.scala:1190)
	at org.scalatest.wordspec.AnyWordSpecLike.run$(AnyWordSpecLike.scala:1188)
	at com.alekslitvinenk.testcontainers.DummyTestIT.org$scalatest$BeforeAndAfter$$super$run(DummyTestIT.scala:6)
	at org.scalatest.BeforeAndAfter.run(BeforeAndAfter.scala:273)
	at org.scalatest.BeforeAndAfter.run$(BeforeAndAfter.scala:271)
	at com.alekslitvinenk.testcontainers.DummyTestIT.org$scalatest$BeforeAndAfterAll$$super$run(DummyTestIT.scala:6)
	at org.scalatest.BeforeAndAfterAll.liftedTree1$1(BeforeAndAfterAll.scala:213)
	at org.scalatest.BeforeAndAfterAll.run(BeforeAndAfterAll.scala:210)
	at org.scalatest.BeforeAndAfterAll.run$(BeforeAndAfterAll.scala:208)
	at com.alekslitvinenk.testcontainers.DummyTestIT.run(DummyTestIT.scala:6)
	at org.scalatest.tools.Framework.org$scalatest$tools$Framework$$runSuite(Framework.scala:318)
	at org.scalatest.tools.Framework$ScalaTestTask.execute(Framework.scala:513)
	at sbt.TestRunner.runTest$1(TestFramework.scala:139)
	at sbt.TestRunner.run(TestFramework.scala:154)
	at sbt.TestFramework$$anon$3$$anonfun$$lessinit$greater$1.$anonfun$apply$1(TestFramework.scala:317)
	at sbt.TestFramework$.sbt$TestFramework$$withContextLoader(TestFramework.scala:277)
	at sbt.TestFramework$$anon$3$$anonfun$$lessinit$greater$1.apply(TestFramework.scala:317)
	at sbt.TestFramework$$anon$3$$anonfun$$lessinit$greater$1.apply(TestFramework.scala:317)
	at sbt.TestFunction.apply(TestFramework.scala:329)
	at sbt.Tests$.$anonfun$toTask$1(Tests.scala:422)
	at sbt.std.Transform$$anon$3.$anonfun$apply$2(Transform.scala:46)
	at sbt.std.Transform$$anon$4.work(Transform.scala:68)
	at sbt.Execute.$anonfun$submit$2(Execute.scala:282)
	at sbt.internal.util.ErrorHandling$.wideConvert(ErrorHandling.scala:23)
	at sbt.Execute.work(Execute.scala:291)
	at sbt.Execute.$anonfun$submit$1(Execute.scala:282)
	at sbt.ConcurrentRestrictions$$anon$4.$anonfun$submitValid$1(ConcurrentRestrictions.scala:265)
	at sbt.CompletionService$$anon$2.call(CompletionService.scala:64)
	at java.util.concurrent.FutureTask.run(FutureTask.java:266)
	at java.util.concurrent.Executors$RunnableAdapter.call(Executors.java:511)
	at java.util.concurrent.FutureTask.run(FutureTask.java:266)
	at java.util.concurrent.ThreadPoolExecutor.runWorker(ThreadPoolExecutor.java:1149)
	at java.util.concurrent.ThreadPoolExecutor$Worker.run(ThreadPoolExecutor.java:624)
	at java.lang.Thread.run(Thread.java:748)
</failure>
                                               </testcase>
                     <system-out><![CDATA[]]></system-out>
                     <system-err><![CDATA[]]></system-err>
                   </testsuite>