<?xml version='1.0' encoding='UTF-8'?>
<testsuite hostname="Aleksandrs-MacBook-Pro.local" name="com.alekslitvinenk.testcontainers.DockovpnContainerIT" tests="2" errors="0" failures="0" skipped="0" time="0.017" timestamp="2021-02-21T16:37:14">
                     <properties>
[...]
</properties>
                     <testcase classname="com.alekslitvinenk.testcontainers.DockovpnContainerIT" name="DockovpnContainer should start successfully" time="0.006">
                                                 
                                               </testcase><testcase classname="com.alekslitvinenk.testcontainers.DockovpnContainerIT" name="DockovpnContainer should provide client config via http only once" time="0.011">
                                                 
                                               </testcase>
                     <system-out><![CDATA[]]></system-out>
                     <system-err><![CDATA[]]></system-err>
                   </testsuite>